<?xml version="1.0" encoding="UTF-8"?>
<testng-results skipped="0" failed="0" ignored="0" total="1" passed="1">
  <reporter-output>
  </reporter-output>
  <suite name="Suite" duration-ms="10270" started-at="2022-03-10T12:32:43Z" finished-at="2022-03-10T12:32:54Z">
    <groups>
    </groups>
    <test name="Test" duration-ms="10270" started-at="2022-03-10T12:32:43Z" finished-at="2022-03-10T12:32:54Z">
      <class name="project.TNG_001">
        <test-method status="PASS" signature="startprocess(java.lang.String)[pri:0, instance:project.TNG_001@48aaecc3]" name="startprocess" is-config="true" duration-ms="5331" started-at="2022-03-10T12:32:43Z" finished-at="2022-03-10T12:32:49Z">
          <params>
            <param index="0">
              <value>
                <![CDATA[chrome]]>
              </value>
            </param>
          </params>
          <reporter-output>
          </reporter-output>
        </test-method> <!-- startprocess -->
        <test-method status="PASS" signature="amazon()[pri:0, instance:project.TNG_001@48aaecc3]" name="amazon" duration-ms="3538" started-at="2022-03-10T12:32:49Z" finished-at="2022-03-10T12:32:52Z">
          <reporter-output>
          </reporter-output>
        </test-method> <!-- amazon -->
        <test-method status="PASS" signature="endProcess()[pri:0, instance:project.TNG_001@48aaecc3]" name="endProcess" is-config="true" duration-ms="1374" started-at="2022-03-10T12:32:52Z" finished-at="2022-03-10T12:32:54Z">
          <reporter-output>
          </reporter-output>
        </test-method> <!-- endProcess -->
      </class> <!-- project.TNG_001 -->
    </test> <!-- Test -->
  </suite> <!-- Suite -->
</testng-results>
